<?xml version="1.0" encoding="UTF-8"?>
<!-- Generated by org.testng.reporters.JUnitReportReporter -->
<testsuite skipped="0" hostname="DESKTOP-CP1IVOF" name="test.test1" tests="1" failures="0" timestamp="01 Oct 2018 13:47:09 GMT" time="0.015" errors="0">
  <testcase name="testCase1" time="0.015" classname="test.test1"/>
</testsuite> <!-- test.test1 -->
